Job-shop model

Number of Counters                    4

Number of employees in each counter         1    1 1000    1

Number of customer types                        3

Number of tasks for each customer type          3    3    2

Distribution function of customer types     0.800   0.950   1.000

Mean interarrival time of customer         30.00 seconds

Length of the simulation                90.0 minutes


Customer type    Route

   1    1    3    4

   2    2    3    4

   3    4    3

Service time for counter 1 = U(50, 40)

Service time for counter 2 = U(60, 180)

Service time for counter 3 = U(5, 20)

Service time for counter 4 = U(0, 0)

Accumulated service time for counter 1 = U(20, 0)

Accumulated service time for counter 2 = U(5, 15)

Accumulated service time for counter 3 = U(5, 10)

Accumulated service time for counter 4 = U(0, 0)



 Counter      Average number      Average       Average delay
                     in queue       utilization        in queue

   1          107.394            0.000         1860.623

   2            5.850            0.000          677.814

   3            0.000            0.000            0.000

   4            0.078            0.000            2.429

Queue for hotfood (avg,max,min)

  File         Time
 number       average          Maximum          Minimum
_______________________________________________________

    1         107.394          216.000          1.00000 
_______________________________________________________



Queue for sandiwch (avg,max,min)

  File         Time
 number       average          Maximum          Minimum
_______________________________________________________

    2         5.85035          11.0000          0.00000 
_______________________________________________________



Queue for cashier (avg,max,min)

  File         Time
 number       average          Maximum          Minimum
_______________________________________________________

    4       0.0782646          4.00000          0.00000 
_______________________________________________________






Job type     Average total delay in queue

   1                   1877.349

   2                    697.887

   3                      8.505

Overall average job total delay =  1606.988

Delays in customer who start from HOTFOOD stand (avg, number of values, max, min)

 sampst                         Number
variable                          of
 number       Average           values          Maximum          Minimum
________________________________________________________________________

    5         625.783          357.000          3589.44          0.00000 
________________________________________________________________________



Delays in customer who start from SANDWICH stand (avg, number of values, max, min)

 sampst                         Number
variable                          of
 number       Average           values          Maximum          Minimum
________________________________________________________________________

    6         232.629          126.000          1352.96          0.00000 
________________________________________________________________________



Delays in customer who start from DRINK stand (avg, number of values, max, min)

 sampst                         Number
variable                          of
 number       Average           values          Maximum          Minimum
________________________________________________________________________

    7         4.25267          30.0000          16.7508          0.00000 
________________________________________________________________________


