Job-shop model

Number of Counters                    4

Number of employees in each counter         1    1 1000    1

Number of customer types                        3

Number of tasks for each customer type          3    3    2

Distribution function of customer types     0.800   0.950   1.000

Mean interarrival time of customer         30.00 seconds

Length of the simulation                90.0 minutes


Customer type    Route

   1    1    3    4

   2    2    3    4

   3    4    3

Service time for counter 1 = U(25, 40)

Service time for counter 2 = U(60, 180)

Service time for counter 3 = U(5, 20)

Service time for counter 4 = U(0, 0)

Accumulated service time for counter 1 = U(20, 0)

Accumulated service time for counter 2 = U(5, 15)

Accumulated service time for counter 3 = U(5, 10)

Accumulated service time for counter 4 = U(0, 0)



 Counter      Average number      Average       Average delay
                     in queue       utilization        in queue

   1           89.484            0.000         1458.912

   2            4.343            0.000          583.221

   3            0.000            0.000            0.000

   4            0.101            0.000            2.415

Queue for hotfood (avg,max,min)

  File         Time
 number       average          Maximum          Minimum
_______________________________________________________

    1         89.4836          170.000          1.00000 
_______________________________________________________



Queue for sandiwch (avg,max,min)

  File         Time
 number       average          Maximum          Minimum
_______________________________________________________

    2         4.34259          10.0000          0.00000 
_______________________________________________________



Queue for cashier (avg,max,min)

  File         Time
 number       average          Maximum          Minimum
_______________________________________________________

    4        0.100640          5.00000          0.00000 
_______________________________________________________






Job type     Average total delay in queue

   1                   1465.655

   2                    599.407

   3                      8.999

Overall average job total delay =  1262.885

Delays in customer who start from HOTFOOD stand (avg, number of values, max, min)

 sampst                         Number
variable                          of
 number       Average           values          Maximum          Minimum
________________________________________________________________________

    5         488.552          505.000          2774.73          0.00000 
________________________________________________________________________



Delays in customer who start from SANDWICH stand (avg, number of values, max, min)

 sampst                         Number
variable                          of
 number       Average           values          Maximum          Minimum
________________________________________________________________________

    6         199.802          106.000          1106.21          0.00000 
________________________________________________________________________



Delays in customer who start from DRINK stand (avg, number of values, max, min)

 sampst                         Number
variable                          of
 number       Average           values          Maximum          Minimum
________________________________________________________________________

    7         4.49958          44.0000          22.5152          0.00000 
________________________________________________________________________


