Job-shop model

Number of Counters                    4

Number of employees in each counter         1    1 1000    1

Number of customer types                        3

Number of tasks for each customer type          3    3    2

Distribution function of customer types     0.800   0.950   1.000

Mean interarrival time of customer         30.00 seconds

Length of the simulation                90.0 minutes


Customer type    Route

   1    1    3    4

   2    2    3    4

   3    4    3

Service time for counter 1 = U(50, 40)

Service time for counter 2 = U(30, 90)

Service time for counter 3 = U(5, 20)

Service time for counter 4 = U(0, 0)

Accumulated service time for counter 1 = U(20, 0)

Accumulated service time for counter 2 = U(5, 15)

Accumulated service time for counter 3 = U(5, 10)

Accumulated service time for counter 4 = U(0, 0)



 Counter      Average number      Average       Average delay
                     in queue       utilization        in queue

   1          110.885            0.000         1937.392

   2            1.325            0.000          159.051

   3            0.000            0.000            0.000

   4            0.063            0.000            1.893

Queue for hotfood (avg,max,min)

  File         Time
 number       average          Maximum          Minimum
_______________________________________________________

    1         110.885          213.000          1.00000 
_______________________________________________________



Queue for sandiwch (avg,max,min)

  File         Time
 number       average          Maximum          Minimum
_______________________________________________________

    2         1.32542          10.0000          0.00000 
_______________________________________________________



Queue for cashier (avg,max,min)

  File         Time
 number       average          Maximum          Minimum
_______________________________________________________

    4       0.0627367          3.00000          0.00000 
_______________________________________________________






Job type     Average total delay in queue

   1                   1949.461

   2                    161.655

   3                      4.858

Overall average job total delay =  1584.060

Delays in customer who start from HOTFOOD stand (avg, number of values, max, min)

 sampst                         Number
variable                          of
 number       Average           values          Maximum          Minimum
________________________________________________________________________

    5         649.820          358.000          3830.04          0.00000 
________________________________________________________________________



Delays in customer who start from SANDWICH stand (avg, number of values, max, min)

 sampst                         Number
variable                          of
 number       Average           values          Maximum          Minimum
________________________________________________________________________

    6         53.8850          135.000          565.594          0.00000 
________________________________________________________________________



Delays in customer who start from DRINK stand (avg, number of values, max, min)

 sampst                         Number
variable                          of
 number       Average           values          Maximum          Minimum
________________________________________________________________________

    7         2.42902          30.0000          9.60991          0.00000 
________________________________________________________________________


