Job-shop model

Number of Counters                    4

Number of employees in each counter         2    1 1000    3

Number of customer types                        3

Number of tasks for each customer type          3    3    2

Distribution function of customer types     0.800   0.950   1.000

Mean interarrival time of customer         30.00 seconds

Length of the simulation                90.0 minutes


Customer type    Route

   1    1    3    4

   2    2    3    4

   3    4    3

Service time for counter 1 = U(50, 40)

Service time for counter 2 = U(30, 90)

Service time for counter 3 = U(5, 20)

Service time for counter 4 = U(0, 0)

Accumulated service time for counter 1 = U(20, 0)

Accumulated service time for counter 2 = U(5, 15)

Accumulated service time for counter 3 = U(5, 10)

Accumulated service time for counter 4 = U(0, 0)



 Counter      Average number      Average       Average delay
                     in queue       utilization        in queue

   1           29.985            0.497          513.684

   2            0.574            0.000           70.482

   3            0.000            0.000            0.000

   4            0.004            0.161            0.071

Queue for hotfood (avg,max,min)

  File         Time
 number       average          Maximum          Minimum
_______________________________________________________

    1         29.9852          72.0000          1.00000 
_______________________________________________________



Queue for sandiwch (avg,max,min)

  File         Time
 number       average          Maximum          Minimum
_______________________________________________________

    2        0.574299          4.00000          0.00000 
_______________________________________________________



Queue for cashier (avg,max,min)

  File         Time
 number       average          Maximum          Minimum
_______________________________________________________

    4      0.00388171          2.00000          0.00000 
_______________________________________________________






Job type     Average total delay in queue

   1                    516.566

   2                     70.482

   3                      1.397

Overall average job total delay =   423.895

Delays in customer who start from HOTFOOD stand (avg, number of values, max, min)

 sampst                         Number
variable                          of
 number       Average           values          Maximum          Minimum
________________________________________________________________________

    5         172.189          713.000          1146.67          0.00000 
________________________________________________________________________



Delays in customer who start from SANDWICH stand (avg, number of values, max, min)

 sampst                         Number
variable                          of
 number       Average           values          Maximum          Minimum
________________________________________________________________________

    6         23.4941          132.000          250.050          0.00000 
________________________________________________________________________



Delays in customer who start from DRINK stand (avg, number of values, max, min)

 sampst                         Number
variable                          of
 number       Average           values          Maximum          Minimum
________________________________________________________________________

    7        0.698708          30.0000          8.79805          0.00000 
________________________________________________________________________


