Job-shop model

Number of Counters                    4

Number of employees in each counter         1    2 1000    3

Number of customer types                        3

Number of tasks for each customer type          3    3    2

Distribution function of customer types     0.800   0.950   1.000

Mean interarrival time of customer         30.00 seconds

Length of the simulation                90.0 minutes


Customer type    Route

   1    1    3    4

   2    2    3    4

   3    4    3

Service time for counter 1 = U(50, 40)

Service time for counter 2 = U(30, 90)

Service time for counter 3 = U(5, 20)

Service time for counter 4 = U(0, 0)

Accumulated service time for counter 1 = U(20, 0)

Accumulated service time for counter 2 = U(5, 15)

Accumulated service time for counter 3 = U(5, 10)

Accumulated service time for counter 4 = U(0, 0)



 Counter      Average number      Average       Average delay
                     in queue       utilization        in queue

   1          111.388            0.000         1923.647

   2            0.620            0.165           57.757

   3            0.000            0.000            0.000

   4            0.003            0.055            0.075

Queue for hotfood (avg,max,min)

  File         Time
 number       average          Maximum          Minimum
_______________________________________________________

    1         111.388          213.000          1.00000 
_______________________________________________________



Queue for sandiwch (avg,max,min)

  File         Time
 number       average          Maximum          Minimum
_______________________________________________________

    2        0.620349          10.0000          0.00000 
_______________________________________________________



Queue for cashier (avg,max,min)

  File         Time
 number       average          Maximum          Minimum
_______________________________________________________

    4      0.00267520          1.00000          0.00000 
_______________________________________________________






Job type     Average total delay in queue

   1                   1934.393

   2                     57.757

   3                      0.903

Overall average job total delay =  1556.223

Delays in customer who start from HOTFOOD stand (avg, number of values, max, min)

 sampst                         Number
variable                          of
 number       Average           values          Maximum          Minimum
________________________________________________________________________

    5         644.798          358.000          3616.61          0.00000 
________________________________________________________________________



Delays in customer who start from SANDWICH stand (avg, number of values, max, min)

 sampst                         Number
variable                          of
 number       Average           values          Maximum          Minimum
________________________________________________________________________

    6         19.2522          174.000          221.873          0.00000 
________________________________________________________________________



Delays in customer who start from DRINK stand (avg, number of values, max, min)

 sampst                         Number
variable                          of
 number       Average           values          Maximum          Minimum
________________________________________________________________________

    7        0.451441          32.0000          7.71908          0.00000 
________________________________________________________________________


